card.io/build/outputs/mapping/release/seeds.txt
io.card.payment.BitmapConsumer
io.card.payment.BitmapConsumer: void run()
io.card.payment.BuildConfig
io.card.payment.BuildConfig: boolean DEBUG
io.card.payment.BuildConfig: java.lang.String APPLICATION_ID
io.card.payment.BuildConfig: java.lang.String BUILD_TYPE
io.card.payment.BuildConfig: java.lang.String FLAVOR
io.card.payment.BuildConfig: int VERSION_CODE
io.card.payment.BuildConfig: java.lang.String VERSION_NAME
io.card.payment.BuildConfig: java.lang.String BUILD_TIME
io.card.payment.BuildConfig: java.lang.String PRODUCT_NAME
io.card.payment.BuildConfig: java.lang.String PRODUCT_VERSION
io.card.payment.BuildConfig: BuildConfig()
io.card.payment.CameraUnavailableException
io.card.payment.CameraUnavailableException: long serialVersionUID
io.card.payment.CameraUnavailableException: CameraUnavailableException()
io.card.payment.CardIOActivity
io.card.payment.CardIOActivity: java.lang.String EXTRA_NO_CAMERA
io.card.payment.CardIOActivity: java.lang.String EXTRA_REQUIRE_EXPIRY
io.card.payment.CardIOActivity: java.lang.String EXTRA_SCAN_EXPIRY
io.card.payment.CardIOActivity: java.lang.String EXTRA_UNBLUR_DIGITS
io.card.payment.CardIOActivity: java.lang.String EXTRA_REQUIRE_CVV
io.card.payment.CardIOActivity: java.lang.String EXTRA_REQUIRE_POSTAL_CODE
io.card.payment.CardIOActivity: java.lang.String EXTRA_RESTRICT_POSTAL_CODE_TO_NUMERIC_ONLY
io.card.payment.CardIOActivity: java.lang.String EXTRA_REQUIRE_CARDHOLDER_NAME
io.card.payment.CardIOActivity: java.lang.String EXTRA_USE_CARDIO_LOGO
io.card.payment.CardIOActivity: java.lang.String EXTRA_SCAN_RESULT
io.card.payment.CardIOActivity: java.lang.String EXTRA_SUPPRESS_MANUAL_ENTRY
io.card.payment.CardIOActivity: java.lang.String EXTRA_LANGUAGE_OR_LOCALE
io.card.payment.CardIOActivity: java.lang.String EXTRA_GUIDE_COLOR
io.card.payment.CardIOActivity: java.lang.String EXTRA_SUPPRESS_CONFIRMATION
io.card.payment.CardIOActivity: java.lang.String EXTRA_HIDE_CARDIO_LOGO
io.card.payment.CardIOActivity: java.lang.String EXTRA_SCAN_INSTRUCTIONS
io.card.payment.CardIOActivity: java.lang.String EXTRA_SUPPRESS_SCAN
io.card.payment.CardIOActivity: java.lang.String EXTRA_CAPTURED_CARD_IMAGE
io.card.payment.CardIOActivity: java.lang.String EXTRA_RETURN_CARD_IMAGE
io.card.payment.CardIOActivity: java.lang.String EXTRA_SCAN_OVERLAY_LAYOUT_ID
io.card.payment.CardScanner
io.card.payment.CardScanner: boolean nUseNeon()
io.card.payment.CardScanner: boolean nUseTegra()
io.card.payment.CardScanner: boolean nUseX86()
io.card.payment.CardScanner: void nSetup(boolean,float)
io.card.payment.CardScanner: void nSetup(boolean,float,int)
io.card.payment.CardScanner: void nResetAnalytics()
io.card.payment.CardScanner: void nGetGuideFrame(int,int,int,android.graphics.Rect)
io.card.payment.CardScanner: void nScanFrame(byte[],int,int,int,io.card.payment.DetectionInfo,android.graphics.Bitmap,boolean)
io.card.payment.CardScanner: int nGetNumFramesScanned()
io.card.payment.CardScanner: void nCleanup()
io.card.payment.CardScanner: void onEdgeUpdate(io.card.payment.DetectionInfo)
...
android.support.graphics.drawable.animated.R$string
android.support.graphics.drawable.animated.R$string: int status_bar_notification_info_overflow
android.support.graphics.drawable.animated.R$style
android.support.graphics.drawable.animated.R$style: int TextAppearance_Compat_Notification
android.support.graphics.drawable.animated.R$style: int TextAppearance_Compat_Notification_Info
android.support.graphics.drawable.animated.R$style: int TextAppearance_Compat_Notification_Line2
android.support.graphics.drawable.animated.R$style: int TextAppearance_Compat_Notification_Time
android.support.graphics.drawable.animated.R$style: int TextAppearance_Compat_Notification_Title
android.support.graphics.drawable.animated.R$style: int Widget_Compat_NotificationActionContainer
android.support.graphics.drawable.animated.R$style: int Widget_Compat_NotificationActionText
android.support.graphics.drawable.animated.R$styleable
android.support.graphics.drawable.animated.R$styleable: int[] FontFamily
android.support.graphics.drawable.animated.R$styleable: int[] FontFamilyFont
android.support.graphics.drawable.animated.R$styleable: int FontFamilyFont_font
android.support.graphics.drawable.animated.R$styleable: int FontFamilyFont_fontStyle
android.support.graphics.drawable.animated.R$styleable: int FontFamilyFont_fontWeight
android.support.graphics.drawable.animated.R$styleable: int FontFamily_fontProviderAuthority
android.support.graphics.drawable.animated.R$styleable: int FontFamily_fontProviderCerts
android.support.graphics.drawable.animated.R$styleable: int FontFamily_fontProviderFetchStrategy
android.support.graphics.drawable.animated.R$styleable: int FontFamily_fontProviderFetchTimeout
android.support.graphics.drawable.animated.R$styleable: int FontFamily_fontProviderPackage
android.support.graphics.drawable.animated.R$styleable: int FontFamily_fontProviderQuery
android.support.mediacompat.R
android.support.mediacompat.R$attr
android.support.mediacompat.R$attr: int font
android.support.mediacompat.R$attr: int fontProviderAuthority
android.support.mediacompat.R$attr: int fontProviderCerts
android.support.mediacompat.R$attr: int fontProviderFetchStrategy
android.support.mediacompat.R$attr: int fontProviderFetchTimeout
android.support.mediacompat.R$attr: int fontProviderPackage
android.support.mediacompat.R$attr: int fontProviderQuery
android.support.mediacompat.R$attr: int fontStyle
android.support.mediacompat.R$attr: int fontWeight
android.support.mediacompat.R$bool
android.support.mediacompat.R$bool: int abc_action_bar_embed_tabs
android.support.mediacompat.R$color
android.support.mediacompat.R$color: int notification_action_color_filter
android.support.mediacompat.R$color: int notification_icon_bg_color
android.support.mediacompat.R$color: int notification_material_background_media_default_color
android.support.mediacompat.R$color: int primary_text_default_material_dark
android.support.mediacompat.R$color: int ripple_material_light
android.support.mediacompat.R$color: int secondary_text_default_material_dark
android.support.mediacompat.R$color: int secondary_text_default_material_light