card.io/build/outputs/mapping/release/usage.txt
io.card.payment.AlwaysValid:
    13:15:public AlwaysValid(java.lang.String)
io.card.payment.Base64EncodedImages
io.card.payment.BitmapConsumer:
    28:30:BitmapConsumer(java.util.concurrent.BlockingQueue)
io.card.payment.CardIOActivity:
    private static final java.lang.String EXTRA_MANUAL_ENTRY_RESULT
    static final java.lang.String PRIVATE_EXTRA_CAMERA_BYPASS_TEST_MODE
    private static final int DEGREE_DELTA
    private static final int ORIENTATION_PORTRAIT
    private static final int ORIENTATION_PORTRAIT_UPSIDE_DOWN
    private static final int ORIENTATION_LANDSCAPE_RIGHT
    private static final int ORIENTATION_LANDSCAPE_LEFT
    private static final int FRAME_ID
    private static final int UIBAR_ID
    private static final int KEY_BTN_ID
    private static final java.lang.String BUNDLE_WAITING_FOR_PERMISSION
    private static final float UIBAR_VERTICAL_MARGIN_DP
    private static final int TOAST_OFFSET_Y
    private static final int DATA_ENTRY_REQUEST_ID
    private static final int PERMISSION_REQUEST_ID
io.card.payment.CardScanner:
    private static final float MIN_FOCUS_SCORE
    private static final int DEFAULT_UNBLUR_DIGITS
    private static final int CAMERA_CONNECT_TIMEOUT
    private static final int CAMERA_CONNECT_RETRY_INTERVAL
    static final int ORIENTATION_PORTRAIT
    static final int CREDIT_CARD_TARGET_WIDTH
    static final int CREDIT_CARD_TARGET_HEIGHT
    540:540:android.graphics.Rect getGuideFrame()
    552:552:int getDeviceOrientation()
    556:566:java.util.Map getAnalytics()
    591:594:void toggleFlash()
    708:719:public void produceBitmaps(byte[])
io.card.payment.CreditCardNumber:
    14:14:CreditCardNumber()
    117:127:public static boolean isDateValid(java.lang.String)
io.card.payment.DataEntryActivity:
    private static final int MAX_POSTAL_CODE_LENGTH
    private static final int MAX_CARDHOLDER_NAME_LENGTH
    private static final java.lang.String PADDING_DIP
    private static final java.lang.String LABEL_LEFT_PADDING_DEFAULT
    private static final java.lang.String LABEL_LEFT_PADDING_HOLO
    private static final java.lang.String FIELD_HALF_GUTTER
    private static final int editTextIdBase
io.card.payment.DetectionInfo:
    46:46:boolean notACardImageDetected()
io.card.payment.Logo:
    private static final int ALPHA
io.card.payment.OverlayView:
    private static final float GUIDE_FONT_SIZE
    private static final float GUIDE_LINE_PADDING
    private static final float GUIDE_LINE_HEIGHT
    private static final float CARD_NUMBER_MARKUP_FONT_SIZE
    private static final int GUIDE_STROKE_WIDTH
    private static final float CORNER_RADIUS_SIZE
    private static final int TORCH_WIDTH
    private static final int TORCH_HEIGHT
    private static final int LOGO_MAX_WIDTH
    private static final int LOGO_MAX_HEIGHT
    private static final int BUTTON_TOUCH_TOLERANCE
    android.graphics.drawable.GradientDrawable mScanLineDrawable
    142:142:public int getGuideColor()
    150:150:public boolean getHideCardIOLogo()
    158:158:public java.lang.String getScanInstructions()
    232:232:public int getCardX()
    236:236:public int getCardY()
io.card.payment.StringHelper:
    7:7:StringHelper()
io.card.payment.Torch:
    private static final float CORNER_RADIUS
    private static final int BG_ALPHA
io.card.payment.Util:
    public static final java.lang.String PUBLIC_LOG_TAG
io.card.payment.firebase.CardDetectionHandler:
    67:72:public void setDetectedCard(io.card.payment.CreditCard)
io.card.payment.firebase.FirebaseReader:
    private static final java.lang.String TAG
io.card.payment.firebase.accuracy.TunerConfig
io.card.payment.firebase.accuracy.TunerConfig$1
io.card.payment.firebase.accuracy.TunerConfig$Builder
io.card.payment.firebase.custom.exceptions.MethodInvocationOnNullCardException
io.card.payment.firebase.model.CardFeatures:
    26:30:public java.util.List getMandatoryFeatures()